Arguments: 
  /usr/bin/node /usr/share/yarn/bin/yarn.js add express

PATH: 
  /home/alvaro/.pyenv/plugins/pyenv-virtualenv/shims:/home/alvaro/.pyenv/shims:/home/alvaro/.pyenv/bin:/home/alvaro/IDEs/google-cloud-sdk/bin:/home/alvaro/.pyenv/plugins/pyenv-virtualenv/shims:/home/alvaro/.pyenv/shims:/home/alvaro/.pyenv/bin:/home/alvaro/IDEs/google-cloud-sdk/bin:/home/alvaro/.rvm/gems/ruby-2.6.3/bin:/home/alvaro/.rvm/gems/ruby-2.6.3@global/bin:/usr/share/rvm/rubies/ruby-2.6.3/bin:/home/alvaro/.local/bin:/home/alvaro/bin:/usr/local/sbin:/usr/local/bin:/usr/sbin:/usr/bin:/sbin:/bin:/usr/games:/usr/local/games:/snap/bin:/home/alvaro/bin:/home/alvaro/.local/bin:/home/alvaro/Android/Sdk/platform-tools:/usr/share/rvm/bin

Yarn version: 
  1.22.15

Node version: 
  14.18.0

Platform: 
  linux x64

Trace: 
  SyntaxError: /data/alvaro/Ceed/Desarrollo/codigo/form-echo/package.json: Unexpected token } in JSON at position 320
      at JSON.parse (<anonymous>)
      at /usr/share/yarn/lib/cli.js:1625:59
      at Generator.next (<anonymous>)
      at step (/usr/share/yarn/lib/cli.js:310:30)
      at /usr/share/yarn/lib/cli.js:321:13

npm manifest: 
  {
    "name": "form-echo",
    "version": "0.0.1",
    "description": "Echoes the data received in a form",
    "main": "index.mjs",
    "scripts": {
      "start": "node index.mjs"
    },
    "author": "Alvaro Maceda <alvaro@alvaromaceda.es>",
    "repository": "git@github.com:CEED-2021/form-echo.git",
    "license": "GPL-3.0-or-later",
  }

yarn manifest: 
  No manifest

Lockfile: 
  No lockfile
